<?xml version="1.0" encoding="UTF-8"?>
<coverage generated="1757281687895" clover="3.2.0">
  <project timestamp="1757281687895" name="All files">
    <metrics statements="23" coveredstatements="23" conditionals="8" coveredconditionals="8" methods="10" coveredmethods="10" elements="41" coveredelements="41" complexity="0" loc="23" ncloc="23" packages="1" files="1" classes="1"/>
    <file name="order.js" path="C:\Users\NOTEBOOK\Desktop\AP2-cobertura_de_codigo-main\src\order.js">
      <metrics statements="23" coveredstatements="23" conditionals="8" coveredconditionals="8" methods="10" coveredmethods="10"/>
      <line num="6" count="23" type="stmt"/>
      <line num="7" count="23" type="stmt"/>
      <line num="8" count="23" type="stmt"/>
      <line num="9" count="23" type="stmt"/>
      <line num="10" count="23" type="stmt"/>
      <line num="15" count="31" type="stmt"/>
      <line num="20" count="3" type="stmt"/>
      <line num="21" count="3" type="stmt"/>
      <line num="26" count="5" type="stmt"/>
      <line num="27" count="3" type="stmt"/>
      <line num="32" count="4" type="cond" truecount="2" falsecount="0"/>
      <line num="33" count="3" type="stmt"/>
      <line num="35" count="1" type="stmt"/>
      <line num="40" count="4" type="cond" truecount="2" falsecount="0"/>
      <line num="41" count="3" type="stmt"/>
      <line num="43" count="1" type="stmt"/>
      <line num="48" count="4" type="cond" truecount="2" falsecount="0"/>
      <line num="49" count="1" type="stmt"/>
      <line num="51" count="3" type="stmt"/>
      <line num="58" count="70" type="stmt"/>
      <line num="59" count="70" type="stmt"/>
      <line num="60" count="70" type="stmt"/>
      <line num="64" count="1" type="stmt"/>
    </file>
  </project>
</coverage>
