TN:
SF:src\order.js
FN:5,(anonymous_0)
FN:14,(anonymous_1)
FN:15,(anonymous_2)
FN:19,(anonymous_3)
FN:25,(anonymous_4)
FN:26,(anonymous_5)
FN:31,(anonymous_6)
FN:39,(anonymous_7)
FN:47,(anonymous_8)
FN:57,(anonymous_9)
FNF:10
FNH:10
FNDA:23,(anonymous_0)
FNDA:31,(anonymous_1)
FNDA:22,(anonymous_2)
FNDA:3,(anonymous_3)
FNDA:3,(anonymous_4)
FNDA:5,(anonymous_5)
FNDA:4,(anonymous_6)
FNDA:4,(anonymous_7)
FNDA:4,(anonymous_8)
FNDA:70,(anonymous_9)
DA:6,23
DA:7,23
DA:8,23
DA:9,23
DA:10,23
DA:15,31
DA:20,3
DA:21,3
DA:26,5
DA:27,3
DA:32,4
DA:33,3
DA:35,1
DA:40,4
DA:41,3
DA:43,1
DA:48,4
DA:49,1
DA:51,3
DA:58,70
DA:59,70
DA:60,70
DA:64,1
LF:23
LH:23
BRDA:5,0,0,17
BRDA:5,1,0,21
BRDA:32,2,0,3
BRDA:32,2,1,1
BRDA:40,3,0,3
BRDA:40,3,1,1
BRDA:48,4,0,1
BRDA:48,4,1,3
BRF:8
BRH:8
end_of_record
